<?xml version="1.0" encoding="UTF-8"?>
<!-- Generated by org.testng.reporters.JUnitXMLReporter -->
<testsuite hostname="Manjunath-Rajeev" ignored="0" name="Test2" tests="1" failures="1" timestamp="20 Nov 2017 19:35:48 GMT" time="187.733" errors="0">
  <testcase name="menAccessories" time="157.127" classname="com.cbt.script.MenAccessoriesTest">
    <failure type="java.lang.IndexOutOfBoundsException" message="Index: 0, Size: 0">
      <![CDATA[java.lang.IndexOutOfBoundsException: Index: 0, Size: 0
	at java.util.ArrayList.rangeCheck(ArrayList.java:653)
	at java.util.ArrayList.get(ArrayList.java:429)
	at org.openqa.selenium.support.pagefactory.internal.LocatingElementListHandler.invoke(LocatingElementListHandler.java:39)
	at com.sun.proxy.$Proxy9.get(Unknown Source)
	at com.cbt.generic.CommonMethodsPO.getELeProdCard(CommonMethodsPO.java:173)
	at com.cbt.script.MenAccessoriesTest.menAccessories(MenAccessoriesTest.java:34)
... Removed 28 stack frames]]>
    </failure>
  </testcase> <!-- menAccessories -->
</testsuite> <!-- Test2 -->
