<?xml version="1.0" encoding="UTF-8"?>
<!-- Generated by org.testng.reporters.JUnitXMLReporter -->
<testsuite hostname="Manjunath-Rajeev" ignored="0" name="Test2" tests="1" failures="1" timestamp="05 Nov 2017 17:51:26 GMT" time="18.352" errors="0">
  <testcase name="women" time="0.005" classname="com.cbt.script.WomenCategoryTest">
    <failure type="java.lang.NullPointerException">
      <![CDATA[java.lang.NullPointerException
	at com.cbt.script.WomenCategoryTest.women(WomenCategoryTest.java:14)
... Removed 25 stack frames]]>
    </failure>
  </testcase> <!-- women -->
</testsuite> <!-- Test2 -->
