<?xml version="1.0" encoding="UTF-8" ?>
<testsuite tests="11" failures="1" name="TestSuite" time="0.973" errors="0" skipped="10">
  <properties>
[...]
</properties>
  <testcase classname="com.cbt.script.LoginPageTest" name="launchBrowser" time="0.947">
    <failure message="
Parameter &apos;browser&apos; is required by BeforeClass on method launchBrowser but has not been marked @Optional or defined
" type="org.testng.TestNGException">org.testng.TestNGException: 
Parameter &apos;browser&apos; is required by BeforeClass on method launchBrowser but has not been marked @Optional or defined

	at org.testng.internal.Parameters.createParameters(Parameters.java:199)
	at org.testng.internal.Parameters.createParameters(Parameters.java:443)
	at org.testng.internal.Parameters.createConfigurationParameters(Parameters.java:118)
	at org.testng.internal.Invoker.invokeConfigurations(Invoker.java:203)
	at org.testng.internal.Invoker.invokeConfigurations(Invoker.java:144)
	at org.testng.internal.TestMethodWorker.invokeBeforeClassMethods(TestMethodWorker.java:169)
	at org.testng.internal.TestMethodWorker.run(TestMethodWorker.java:108)
	at org.testng.TestRunner.privateRun(TestRunner.java:756)
	at org.testng.TestRunner.run(TestRunner.java:610)
	at org.testng.SuiteRunner.runTest(SuiteRunner.java:387)
	at org.testng.SuiteRunner.runSequentially(SuiteRunner.java:382)
	at org.testng.SuiteRunner.privateRun(SuiteRunner.java:340)
	at org.testng.SuiteRunner.run(SuiteRunner.java:289)
	at org.testng.SuiteRunnerWorker.runSuite(SuiteRunnerWorker.java:52)
	at org.testng.SuiteRunnerWorker.run(SuiteRunnerWorker.java:86)
	at org.testng.TestNG.runSuitesSequentially(TestNG.java:1293)
	at org.testng.TestNG.runSuitesLocally(TestNG.java:1218)
	at org.testng.TestNG.runSuites(TestNG.java:1133)
	at org.testng.TestNG.run(TestNG.java:1104)
	at org.apache.maven.surefire.testng.TestNGExecutor.run(TestNGExecutor.java:77)
	at org.apache.maven.surefire.testng.TestNGDirectoryTestSuite.executeMulti(TestNGDirectoryTestSuite.java:159)
	at org.apache.maven.surefire.testng.TestNGDirectoryTestSuite.execute(TestNGDirectoryTestSuite.java:99)
	at org.apache.maven.surefire.testng.TestNGProvider.invoke(TestNGProvider.java:106)
	at sun.reflect.NativeMethodAccessorImpl.invoke0(Native Method)
	at sun.reflect.NativeMethodAccessorImpl.invoke(NativeMethodAccessorImpl.java:62)
	at sun.reflect.DelegatingMethodAccessorImpl.invoke(DelegatingMethodAccessorImpl.java:43)
	at java.lang.reflect.Method.invoke(Method.java:498)
	at org.apache.maven.surefire.util.ReflectionUtils.invokeMethodWithArray(ReflectionUtils.java:189)
	at org.apache.maven.surefire.booter.ProviderFactory$ProviderProxy.invoke(ProviderFactory.java:165)
	at org.apache.maven.surefire.booter.ProviderFactory.invokeProvider(ProviderFactory.java:85)
	at org.apache.maven.surefire.booter.ForkedBooter.runSuitesInProcess(ForkedBooter.java:115)
	at org.apache.maven.surefire.booter.ForkedBooter.main(ForkedBooter.java:75)
</failure>
    <system-out>Configuring TestNG with: org.apache.maven.surefire.testng.conf.TestNG652Configurator@1c6b6478
</system-out>
  </testcase>
  <testcase classname="com.cbt.script.LoginPageTest" name="selectCity" time="0.009">
    <skipped/>
  </testcase>
  <testcase classname="com.cbt.script.MenCategoryTest" name="launchBrowser" time="0.01">
    <skipped/>
  </testcase>
  <testcase classname="com.cbt.script.MenCategoryTest" name="men" time="0.001">
    <skipped/>
  </testcase>
  <testcase classname="com.cbt.script.MenCategoryTest" name="closeBrowser" time="0.001">
    <skipped/>
  </testcase>
  <testcase classname="com.cbt.script.WomenCategoryTest" name="launchBrowser" time="0.002">
    <skipped/>
  </testcase>
  <testcase classname="com.cbt.script.WomenCategoryTest" name="women" time="0">
    <skipped/>
  </testcase>
  <testcase classname="com.cbt.script.WomenCategoryTest" name="closeBrowser" time="0.001">
    <skipped/>
  </testcase>
  <testcase classname="com.cbt.script.LoginPageTest" name="login" time="0">
    <skipped/>
  </testcase>
  <testcase classname="com.cbt.script.LoginPageTest" name="logout" time="0.001">
    <skipped/>
  </testcase>
  <testcase classname="com.cbt.script.LoginPageTest" name="closeBrowser" time="0.001">
    <skipped/>
  </testcase>
</testsuite>